Removed Pin From Net: NetName=NRST Pin=Cr-1
Removed Pin From Net: NetName=NetD8_1 Pin=D8-1
Removed Pin From Net: NetName=GND Pin=D8-2
Removed Pin From Net: NetName=5V Pin=Q1-3
Removed Pin From Net: NetName=~RES2_HOT Pin=Q2-2
Removed Pin From Net: NetName=5V Pin=Q2-3
Removed Pin From Net: NetName=NRST Pin=SW1-2
Removed Pin From Net: NetName=GND Pin=SW1-3
Removed Pin From Net: NetName=NRST Pin=U7-7
Removed Pin From Net: NetName=~RES2_HOT Pin=U7-29
Removed Pin From Net: NetName=~RES1_HOT Pin=U7-30
Removed Pin From Net: NetName=SLEEP_RQ Pin=U7-36
Removed Pin From Net: NetName=ERR_LED Pin=U7-56
Removed Member From Class: ClassName=container_V1 Member=D8
Removed Member From Class: ClassName=container_V1 Member=SW1
Change Component DesignItemId : Designator=Q1 Old DesignItemId=MOSFET-P New DesignItemId=MOSFET-N
Change Component DesignItemId : Designator=Q2 Old DesignItemId=MOSFET-P New DesignItemId=MOSFET-N
Change Component Footprint: Designator=Q1 Old Footprint=E3 New Footprint=N-MOS (SOT323)
Change Component Footprint: Designator=Q2 Old Footprint=E3 New Footprint=N-MOS (SOT323)
Change Component Comment : Designator=Q1 Old Comment=MOSFET-P New Comment=DMG1012UW-7
Change Component Comment : Designator=Q2 Old Comment=MOSFET-P New Comment=DMG1012UW-7
Added Component: Designator=Q3(N-MOS (SOT323))
Added Component: Designator=Q4(N-MOS (SOT323))
Added Component: Designator=R1(RES_0603)
Added Component: Designator=R2(RES_0603)
Added Component: Designator=R3(Header 2 Jumper)
Added Component: Designator=R4(Header 2 Jumper)
Added Component: Designator=R5(RES_0603)
Added Component: Designator=R6(RES_0603)
Added Component: Designator=R7(RES_0603)
Added Component: Designator=R8(RES_0603)
Added Component: Designator=R9(RES_0603)
Added Component: Designator=R10(RES_0603)
Added Component: Designator=R11(JUMPER (Header 2))
Added Component: Designator=R12(Header 2 Jumper)
Added Component: Designator=R13(RES_0603)
Added Component: Designator=R17(RES_0603)
Added Component: Designator=R19(RES_0603)
Added Component: Designator=R21(RES_0603)
Added Component: Designator=Rl1(RES_0603)
Added Component: Designator=Rl2(RES_0603)
Added Component: Designator=Rl3(RES_0603)
Added Component: Designator=Rl4(RES_0603)
Added Component: Designator=TP4(TP)
Added Component: Designator=TP5(TP)
Added Component: Designator=TP6(TP)
Added Component: Designator=TP7(TP)
Added Component: Designator=U1(H3LIS_HIGH_G)
Added Component: Designator=U5(SOT23-3)
Added Pin To Net: NetName=TIMEPULSE Pin=Cr-1
Added Pin To Net: NetName=GND Pin=Q1-3
Added Pin To Net: NetName=SLEEP_RQ Pin=Q2-2
Added Pin To Net: NetName=GND Pin=Q2-3
Added Pin To Net: NetName=~RES2_HOT Pin=Q3-2
Added Pin To Net: NetName=GND Pin=Q3-3
Added Pin To Net: NetName=NetD8_1 Pin=Q4-2
Added Pin To Net: NetName=GND Pin=Q4-3
Added Pin To Net: NetName=~RES1_HOT Pin=R1-1
Added Pin To Net: NetName=GND Pin=R1-2
Added Pin To Net: NetName=SLEEP_RQ Pin=R2-1
Added Pin To Net: NetName=GND Pin=R2-2
Added Pin To Net: NetName=5V Pin=R3-2
Added Pin To Net: NetName=NetQ1_1 Pin=R4-1
Added Pin To Net: NetName=5V Pin=R4-2
Added Pin To Net: NetName=I2C_SDA Pin=R5-1
Added Pin To Net: NetName=3V3 Pin=R5-2
Added Pin To Net: NetName=I2C_SCL Pin=R6-1
Added Pin To Net: NetName=3V3 Pin=R6-2
Added Pin To Net: NetName=PWM_SERVO2 Pin=R7-1
Added Pin To Net: NetName=NetR7_2 Pin=R7-2
Added Pin To Net: NetName=3V3 Pin=R8-2
Added Pin To Net: NetName=3V3 Pin=R9-2
Added Pin To Net: NetName=~RES2_HOT Pin=R10-1
Added Pin To Net: NetName=GND Pin=R10-2
Added Pin To Net: NetName=NetQ2_1 Pin=R11-1
Added Pin To Net: NetName=5V Pin=R11-2
Added Pin To Net: NetName=5V Pin=R12-2
Added Pin To Net: NetName=NetD8_1 Pin=R13-1
Added Pin To Net: NetName=GND Pin=R13-2
Added Pin To Net: NetName=ADC_BAT Pin=R17-1
Added Pin To Net: NetName=5V Pin=R17-2
Added Pin To Net: NetName=GND Pin=R19-1
Added Pin To Net: NetName=ADC_BAT Pin=R19-2
Added Pin To Net: NetName=PWM_SERVO1 Pin=R21-1
Added Pin To Net: NetName=NetR21_2 Pin=R21-2
Added Pin To Net: NetName=NetD3_1 Pin=Rl1-1
Added Pin To Net: NetName=ERR_LED Pin=Rl1-2
Added Pin To Net: NetName=NetD4_1 Pin=Rl2-1
Added Pin To Net: NetName=H_BEAT Pin=Rl2-2
Added Pin To Net: NetName=NetD5_1 Pin=Rl3-1
Added Pin To Net: NetName=3V3 Pin=Rl3-2
Added Pin To Net: NetName=NetD6_1 Pin=Rl4-1
Added Pin To Net: NetName=5V Pin=Rl4-2
Added Pin To Net: NetName=I2C_SCL Pin=TP6-0
Added Pin To Net: NetName=I2C_SDA Pin=TP7-0
Added Pin To Net: NetName=3V3A Pin=U1-1
Added Pin To Net: NetName=I2C_SCL Pin=U1-4
Added Pin To Net: NetName=GND Pin=U1-5
Added Pin To Net: NetName=I2C_SDA Pin=U1-6
Added Pin To Net: NetName=3V3A Pin=U1-7
Added Pin To Net: NetName=3V3A Pin=U1-8
Added Pin To Net: NetName=GND Pin=U1-10
Added Pin To Net: NetName=INT_H3LIS Pin=U1-11
Added Pin To Net: NetName=GND Pin=U1-12
Added Pin To Net: NetName=GND Pin=U1-13
Added Pin To Net: NetName=3V3A Pin=U1-14
Added Pin To Net: NetName=3V3A Pin=U1-15
Added Pin To Net: NetName=GND Pin=U1-16
Added Pin To Net: NetName=GND Pin=U5-1
Added Pin To Net: NetName=3V3 Pin=U5-2
Added Pin To Net: NetName=5V Pin=U5-3
Added Pin To Net: NetName=TIMEPULSE Pin=U7-7
Added Pin To Net: NetName=NetD8_1 Pin=U7-40
Added Pin To Net: NetName=SLEEP_RQ Pin=U7-51
Added Pin To Net: NetName=~RES2_HOT Pin=U7-52
Added Pin To Net: NetName=~RES1_HOT Pin=U7-53
Added Pin To Net: NetName=ERR_LED Pin=U7-57
Change Net Name : Old Net Name=NetD8_1 New Net Name=~RES4_HOT
Change Net Name : Old Net Name=SLEEP_RQ New Net Name=~RES3_HOT
Change Net Name : Old Net Name=TIMEPULSE New Net Name=NetCr_1
Added Pin To Net: NetName=I2C2_SCL Pin=R9-1
Added Pin To Net: NetName=I2C2_SCL Pin=TP4-0
Added Pin To Net: NetName=I2C2_SCL Pin=U7-29
Added Net: Name=I2C2_SCL
Added Pin To Net: NetName=I2C2_SDA Pin=R8-1
Added Pin To Net: NetName=I2C2_SDA Pin=TP5-0
Added Pin To Net: NetName=I2C2_SDA Pin=U7-30
Added Net: Name=I2C2_SDA
Added Pin To Net: NetName=NetQ3_1 Pin=Q3-1
Added Pin To Net: NetName=NetQ3_1 Pin=R3-1
Added Net: Name=NetQ3_1
Added Pin To Net: NetName=NetQ4_1 Pin=Q4-1
Added Pin To Net: NetName=NetQ4_1 Pin=R12-1
Added Net: Name=NetQ4_1
Added Member To Class: ClassName=container_V1 Member=Component Q3 MOSFET-N
Added Member To Class: ClassName=container_V1 Member=Component Q4 MOSFET-N
Added Member To Class: ClassName=container_V1 Member=Component R1 Res3
Added Member To Class: ClassName=container_V1 Member=Component R2 Res3
Added Member To Class: ClassName=container_V1 Member=Component R3 2 ohm - 10 ohm
Added Member To Class: ClassName=container_V1 Member=Component R4 2 ohm - 10 ohm
Added Member To Class: ClassName=container_V1 Member=Component R5 Res3
Added Member To Class: ClassName=container_V1 Member=Component R6 Res3
Added Member To Class: ClassName=container_V1 Member=Component R7 Res3
Added Member To Class: ClassName=container_V1 Member=Component R8 Res3
Added Member To Class: ClassName=container_V1 Member=Component R9 Res3
Added Member To Class: ClassName=container_V1 Member=Component R10 Res3
Added Member To Class: ClassName=container_V1 Member=Component R11 2 ohm - 10 ohm
Added Member To Class: ClassName=container_V1 Member=Component R12 2 ohm - 10 ohm
Added Member To Class: ClassName=container_V1 Member=Component R13 Res3
Added Member To Class: ClassName=container_V1 Member=Component R17 Res3
Added Member To Class: ClassName=container_V1 Member=Component R19 Res3
Added Member To Class: ClassName=container_V1 Member=Component R21 Res3
Added Member To Class: ClassName=container_V1 Member=Component Rl1 Res3
Added Member To Class: ClassName=container_V1 Member=Component Rl2 Res3
Added Member To Class: ClassName=container_V1 Member=Component Rl3 Res3
Added Member To Class: ClassName=container_V1 Member=Component Rl4 Res3
Added Member To Class: ClassName=container_V1 Member=Component TP4 TP5
Added Member To Class: ClassName=container_V1 Member=Component TP5
Added Member To Class: ClassName=container_V1 Member=Component TP6 TP5
Added Member To Class: ClassName=container_V1 Member=Component TP7 TP5
Added Member To Class: ClassName=container_V1 Member=Component U1 H3LIS331DL
Added Member To Class: ClassName=container_V1 Member=Component U5 MCP1700
