Added Component: Designator=C6(CAP_0603)
Added Component: Designator=C14(CAP_0603)
Added Component: Designator=R14(RES_0603)
Added Component: Designator=R15(RES_0603)
Added Component: Designator=U6(Header 3 Servo)
Added Component: Designator=U9(Header 3 Servo)
Added Pin To Net: NetName=5V Pin=C6-1
Added Pin To Net: NetName=GND Pin=C6-2
Added Pin To Net: NetName=5V Pin=C14-1
Added Pin To Net: NetName=GND Pin=C14-2
Added Pin To Net: NetName=PWM_SERVO2 Pin=R14-1
Added Pin To Net: NetName=PWM_SERVO1 Pin=R15-1
Added Pin To Net: NetName=GND Pin=U6-1
Added Pin To Net: NetName=5V Pin=U6-2
Added Pin To Net: NetName=GND Pin=U9-1
Added Pin To Net: NetName=5V Pin=U9-2
Added Pin To Net: NetName=NetR14_2 Pin=R14-2
Added Pin To Net: NetName=NetR14_2 Pin=U6-3
Added Net: Name=NetR14_2
Added Pin To Net: NetName=NetR15_2 Pin=R15-2
Added Pin To Net: NetName=NetR15_2 Pin=U9-3
Added Net: Name=NetR15_2
Added Member To Class: ClassName=container_V1 Member=Component C6 Cap Semi
Added Member To Class: ClassName=container_V1 Member=Component C14 Cap Semi
Added Member To Class: ClassName=container_V1 Member=Component R14 Res3
Added Member To Class: ClassName=container_V1 Member=Component R15 Res3
Added Member To Class: ClassName=container_V1 Member=Component U6 Servo_Con
Added Member To Class: ClassName=container_V1 Member=Component U9 Servo_Con
